<?xml version="1.0" encoding="UTF-8"?>
<coverage generated="1672875429563" clover="3.2.0">
  <project timestamp="1672875429564" name="All files">
    <metrics statements="66" coveredstatements="37" conditionals="21" coveredconditionals="16" methods="19" coveredmethods="6" elements="106" coveredelements="59" complexity="0" loc="66" ncloc="66" packages="1" files="5" classes="5"/>
    <file name="App.jsx" path="C:\Users\dpeli\Desktop\Todo\pelyp47.github.io\toDo\src\App.jsx">
      <metrics statements="13" coveredstatements="10" conditionals="5" coveredconditionals="5" methods="3" coveredmethods="1"/>
      <line num="6" count="1" type="cond" truecount="1" falsecount="0"/>
      <line num="7" count="15" type="stmt"/>
      <line num="8" count="15" type="stmt"/>
      <line num="9" count="27" type="stmt"/>
      <line num="11" count="27" type="cond" truecount="2" falsecount="0"/>
      <line num="13" count="24" type="stmt"/>
      <line num="15" count="24" type="cond" truecount="2" falsecount="0"/>
      <line num="16" count="9" type="stmt"/>
      <line num="20" count="15" type="stmt"/>
      <line num="23" count="1" type="stmt"/>
      <line num="24" count="0" type="stmt"/>
      <line num="25" count="0" type="stmt"/>
      <line num="26" count="0" type="stmt"/>
    </file>
    <file name="CreateTask.jsx" path="C:\Users\dpeli\Desktop\Todo\pelyp47.github.io\toDo\src\CreateTask.jsx">
      <metrics statements="16" coveredstatements="0" conditionals="2" coveredconditionals="0" methods="6" coveredmethods="0"/>
      <line num="5" count="0" type="stmt"/>
      <line num="6" count="0" type="stmt"/>
      <line num="7" count="0" type="stmt"/>
      <line num="9" count="0" type="stmt"/>
      <line num="10" count="0" type="stmt"/>
      <line num="12" count="0" type="stmt"/>
      <line num="13" count="0" type="cond" truecount="0" falsecount="2"/>
      <line num="14" count="0" type="stmt"/>
      <line num="15" count="0" type="stmt"/>
      <line num="16" count="0" type="stmt"/>
      <line num="17" count="0" type="stmt"/>
      <line num="20" count="0" type="stmt"/>
      <line num="21" count="0" type="stmt"/>
      <line num="24" count="0" type="stmt"/>
      <line num="26" count="0" type="stmt"/>
      <line num="27" count="0" type="stmt"/>
    </file>
    <file name="DeleteTask.jsx" path="C:\Users\dpeli\Desktop\Todo\pelyp47.github.io\toDo\src\DeleteTask.jsx">
      <metrics statements="4" coveredstatements="0" conditionals="0" coveredconditionals="0" methods="3" coveredmethods="0"/>
      <line num="5" count="0" type="stmt"/>
      <line num="7" count="0" type="stmt"/>
      <line num="10" count="0" type="stmt"/>
      <line num="11" count="0" type="stmt"/>
    </file>
    <file name="Task.jsx" path="C:\Users\dpeli\Desktop\Todo\pelyp47.github.io\toDo\src\Task.jsx">
      <metrics statements="1" coveredstatements="0" conditionals="0" coveredconditionals="0" methods="1" coveredmethods="0"/>
      <line num="6" count="0" type="stmt"/>
    </file>
    <file name="store.js" path="C:\Users\dpeli\Desktop\Todo\pelyp47.github.io\toDo\src\store.js">
      <metrics statements="32" coveredstatements="27" conditionals="14" coveredconditionals="11" methods="6" coveredmethods="5"/>
      <line num="3" count="1" type="stmt"/>
      <line num="7" count="1" type="cond" truecount="1" falsecount="0"/>
      <line num="8" count="73" type="cond" truecount="3" falsecount="0"/>
      <line num="10" count="9" type="stmt"/>
      <line num="11" count="9" type="stmt"/>
      <line num="12" count="9" type="stmt"/>
      <line num="13" count="9" type="stmt"/>
      <line num="14" count="9" type="cond" truecount="1" falsecount="1"/>
      <line num="15" count="0" type="stmt"/>
      <line num="16" count="0" type="stmt"/>
      <line num="17" count="0" type="cond" truecount="0" falsecount="2"/>
      <line num="18" count="0" type="stmt"/>
      <line num="21" count="0" type="stmt"/>
      <line num="26" count="9" type="stmt"/>
      <line num="29" count="9" type="stmt"/>
      <line num="35" count="63" type="stmt"/>
      <line num="36" count="63" type="stmt"/>
      <line num="37" count="63" type="stmt"/>
      <line num="38" count="63" type="stmt"/>
      <line num="39" count="132" type="stmt"/>
      <line num="40" count="132" type="cond" truecount="2" falsecount="0"/>
      <line num="41" count="69" type="stmt"/>
      <line num="42" count="159" type="cond" truecount="2" falsecount="0"/>
      <line num="43" count="69" type="stmt"/>
      <line num="46" count="90" type="stmt"/>
      <line num="51" count="63" type="stmt"/>
      <line num="52" count="99" type="cond" truecount="2" falsecount="0"/>
      <line num="53" count="63" type="stmt"/>
      <line num="56" count="36" type="stmt"/>
      <line num="61" count="63" type="stmt"/>
      <line num="67" count="1" type="stmt"/>
      <line num="71" count="1" type="stmt"/>
    </file>
  </project>
</coverage>
