<?xml version="1.0" encoding="UTF-8"?>
<coverage generated="1648992611800" clover="3.2.0">
  <project timestamp="1648992611801" name="All files">
    <metrics statements="17" coveredstatements="11" conditionals="2" coveredconditionals="2" methods="7" coveredmethods="2" elements="26" coveredelements="15" complexity="0" loc="17" ncloc="17" packages="1" files="3" classes="3"/>
    <file name="App.jsx" path="C:\openServer\OpenServer\domains\ToDoList\src\App.jsx">
      <metrics statements="14" coveredstatements="11" conditionals="2" coveredconditionals="2" methods="4" coveredmethods="2"/>
      <line num="5" count="1" type="stmt"/>
      <line num="6" count="9" type="stmt"/>
      <line num="12" count="1" type="stmt"/>
      <line num="14" count="1" type="stmt"/>
      <line num="15" count="5" type="stmt"/>
      <line num="16" count="5" type="stmt"/>
      <line num="17" count="9" type="stmt"/>
      <line num="18" count="9" type="stmt"/>
      <line num="19" count="9" type="cond" truecount="2" falsecount="0"/>
      <line num="20" count="3" type="stmt"/>
      <line num="23" count="5" type="stmt"/>
      <line num="28" count="0" type="stmt"/>
      <line num="29" count="0" type="stmt"/>
      <line num="35" count="0" type="stmt"/>
    </file>
    <file name="CreateTask.jsx" path="C:\openServer\OpenServer\domains\ToDoList\src\CreateTask.jsx">
      <metrics statements="1" coveredstatements="0" conditionals="0" coveredconditionals="0" methods="1" coveredmethods="0"/>
      <line num="6" count="0" type="stmt"/>
    </file>
    <file name="Task.jsx" path="C:\openServer\OpenServer\domains\ToDoList\src\Task.jsx">
      <metrics statements="2" coveredstatements="0" conditionals="0" coveredconditionals="0" methods="2" coveredmethods="0"/>
      <line num="6" count="0" type="stmt"/>
      <line num="10" count="0" type="stmt"/>
    </file>
  </project>
</coverage>
