{"C:\\Users\\dpeli\\Desktop\\Todo\\pelyp47.github.io\\toDo\\src\\App.jsx": {"path":"C:\\Users\\dpeli\\Desktop\\Todo\\pelyp47.github.io\\toDo\\src\\App.jsx","statementMap":{"0":{"start":{"line":6,"column":31},"end":{"line":22,"column":1}},"1":{"start":{"line":7,"column":18},"end":{"line":7,"column":20}},"2":{"start":{"line":8,"column":4},"end":{"line":19,"column":5}},"3":{"start":{"line":9,"column":44},"end":{"line":9,"column":49}},"4":{"start":{"line":11,"column":8},"end":{"line":11,"column":28}},"5":{"start":{"line":11,"column":20},"end":{"line":11,"column":28}},"6":{"start":{"line":13,"column":18},"end":{"line":13,"column":22}},"7":{"start":{"line":14,"column":8},"end":{"line":14,"column":66}},"8":{"start":{"line":16,"column":8},"end":{"line":18,"column":9}},"9":{"start":{"line":17,"column":12},"end":{"line":17,"column":60}},"10":{"start":{"line":21,"column":4},"end":{"line":21,"column":31}},"11":{"start":{"line":24,"column":12},"end":{"line":33,"column":1}},"12":{"start":{"line":25,"column":20},"end":{"line":25,"column":53}},"13":{"start":{"line":25,"column":41},"end":{"line":25,"column":52}},"14":{"start":{"line":26,"column":29},"end":{"line":26,"column":48}},"15":{"start":{"line":27,"column":4},"end":{"line":32,"column":5}}},"fnMap":{"0":{"name":"(anonymous_0)","decl":{"start":{"line":6,"column":31},"end":{"line":6,"column":32}},"loc":{"start":{"line":6,"column":47},"end":{"line":22,"column":1}},"line":6},"1":{"name":"(anonymous_1)","decl":{"start":{"line":24,"column":12},"end":{"line":24,"column":13}},"loc":{"start":{"line":24,"column":28},"end":{"line":33,"column":1}},"line":24},"2":{"name":"(anonymous_2)","decl":{"start":{"line":25,"column":32},"end":{"line":25,"column":33}},"loc":{"start":{"line":25,"column":41},"end":{"line":25,"column":52}},"line":25}},"branchMap":{"0":{"loc":{"start":{"line":11,"column":8},"end":{"line":11,"column":28}},"type":"if","locations":[{"start":{"line":11,"column":8},"end":{"line":11,"column":28}},{"start":{},"end":{}}],"line":11},"1":{"loc":{"start":{"line":16,"column":8},"end":{"line":18,"column":9}},"type":"if","locations":[{"start":{"line":16,"column":8},"end":{"line":18,"column":9}},{"start":{},"end":{}}],"line":16}},"s":{"0":1,"1":15,"2":15,"3":27,"4":27,"5":3,"6":24,"7":24,"8":24,"9":9,"10":15,"11":1,"12":0,"13":0,"14":0,"15":0},"f":{"0":15,"1":0,"2":0},"b":{"0":[3,24],"1":[9,15]},"_coverageSchema":"1a1c01bbd47fc00a2c39e90264f33305004495a9","hash":"949d78e4bf7bae44e8246f4691a615498de24877"}
,"C:\\Users\\dpeli\\Desktop\\Todo\\pelyp47.github.io\\toDo\\src\\CreateTask.jsx": {"path":"C:\\Users\\dpeli\\Desktop\\Todo\\pelyp47.github.io\\toDo\\src\\CreateTask.jsx","statementMap":{"0":{"start":{"line":5,"column":17},"end":{"line":5,"column":27}},"1":{"start":{"line":6,"column":65},"end":{"line":6,"column":79}},"2":{"start":{"line":7,"column":31},"end":{"line":7,"column":43}},"3":{"start":{"line":9,"column":16},"end":{"line":9,"column":49}},"4":{"start":{"line":9,"column":37},"end":{"line":9,"column":48}},"5":{"start":{"line":10,"column":19},"end":{"line":10,"column":32}},"6":{"start":{"line":12,"column":21},"end":{"line":17,"column":5}},"7":{"start":{"line":13,"column":27},"end":{"line":13,"column":62}},"8":{"start":{"line":14,"column":8},"end":{"line":14,"column":79}},"9":{"start":{"line":15,"column":8},"end":{"line":15,"column":75}},"10":{"start":{"line":16,"column":8},"end":{"line":16,"column":23}},"11":{"start":{"line":19,"column":21},"end":{"line":21,"column":5}},"12":{"start":{"line":20,"column":8},"end":{"line":20,"column":38}},"13":{"start":{"line":23,"column":4},"end":{"line":28,"column":5}},"14":{"start":{"line":25,"column":94},"end":{"line":25,"column":111}},"15":{"start":{"line":26,"column":58},"end":{"line":26,"column":70}}},"fnMap":{"0":{"name":"CreateTask","decl":{"start":{"line":4,"column":9},"end":{"line":4,"column":19}},"loc":{"start":{"line":4,"column":27},"end":{"line":29,"column":1}},"line":4},"1":{"name":"(anonymous_1)","decl":{"start":{"line":9,"column":28},"end":{"line":9,"column":29}},"loc":{"start":{"line":9,"column":37},"end":{"line":9,"column":48}},"line":9},"2":{"name":"(anonymous_2)","decl":{"start":{"line":12,"column":21},"end":{"line":12,"column":22}},"loc":{"start":{"line":12,"column":31},"end":{"line":17,"column":5}},"line":12},"3":{"name":"(anonymous_3)","decl":{"start":{"line":19,"column":21},"end":{"line":19,"column":22}},"loc":{"start":{"line":19,"column":37},"end":{"line":21,"column":5}},"line":19},"4":{"name":"(anonymous_4)","decl":{"start":{"line":25,"column":89},"end":{"line":25,"column":90}},"loc":{"start":{"line":25,"column":93},"end":{"line":25,"column":112}},"line":25},"5":{"name":"(anonymous_5)","decl":{"start":{"line":26,"column":53},"end":{"line":26,"column":54}},"loc":{"start":{"line":26,"column":57},"end":{"line":26,"column":71}},"line":26}},"branchMap":{},"s":{"0":0,"1":0,"2":0,"3":0,"4":0,"5":0,"6":0,"7":0,"8":0,"9":0,"10":0,"11":0,"12":0,"13":0,"14":0,"15":0},"f":{"0":0,"1":0,"2":0,"3":0,"4":0,"5":0},"b":{},"_coverageSchema":"1a1c01bbd47fc00a2c39e90264f33305004495a9","hash":"ba93a7cc6874ba258d07f07b1a54803cabf7d011"}
,"C:\\Users\\dpeli\\Desktop\\Todo\\pelyp47.github.io\\toDo\\src\\DeleteTask.jsx": {"path":"C:\\Users\\dpeli\\Desktop\\Todo\\pelyp47.github.io\\toDo\\src\\DeleteTask.jsx","statementMap":{"0":{"start":{"line":5,"column":19},"end":{"line":5,"column":32}},"1":{"start":{"line":7,"column":8},"end":{"line":7,"column":66}},"2":{"start":{"line":10,"column":4},"end":{"line":12,"column":5}},"3":{"start":{"line":11,"column":63},"end":{"line":11,"column":80}}},"fnMap":{"0":{"name":"DeleteTask","decl":{"start":{"line":4,"column":9},"end":{"line":4,"column":19}},"loc":{"start":{"line":4,"column":28},"end":{"line":13,"column":1}},"line":4},"1":{"name":"removeTask","decl":{"start":{"line":6,"column":13},"end":{"line":6,"column":23}},"loc":{"start":{"line":6,"column":26},"end":{"line":8,"column":5}},"line":6},"2":{"name":"(anonymous_2)","decl":{"start":{"line":11,"column":58},"end":{"line":11,"column":59}},"loc":{"start":{"line":11,"column":62},"end":{"line":11,"column":81}},"line":11}},"branchMap":{},"s":{"0":0,"1":0,"2":0,"3":0},"f":{"0":0,"1":0,"2":0},"b":{},"_coverageSchema":"1a1c01bbd47fc00a2c39e90264f33305004495a9","hash":"ff3219cefaa7963ecb9ed0511a6ef16cd432808d"}
,"C:\\Users\\dpeli\\Desktop\\Todo\\pelyp47.github.io\\toDo\\src\\Task.jsx": {"path":"C:\\Users\\dpeli\\Desktop\\Todo\\pelyp47.github.io\\toDo\\src\\Task.jsx","statementMap":{"0":{"start":{"line":6,"column":4},"end":{"line":12,"column":5}}},"fnMap":{"0":{"name":"Task","decl":{"start":{"line":5,"column":9},"end":{"line":5,"column":13}},"loc":{"start":{"line":5,"column":21},"end":{"line":13,"column":1}},"line":5}},"branchMap":{},"s":{"0":0},"f":{"0":0},"b":{},"_coverageSchema":"1a1c01bbd47fc00a2c39e90264f33305004495a9","hash":"9a2ab5e448682df46d12058146d42d65b3446330"}
,"C:\\Users\\dpeli\\Desktop\\Todo\\pelyp47.github.io\\toDo\\src\\store.js": {"path":"C:\\Users\\dpeli\\Desktop\\Todo\\pelyp47.github.io\\toDo\\src\\store.js","statementMap":{"0":{"start":{"line":3,"column":19},"end":{"line":7,"column":1}},"1":{"start":{"line":9,"column":16},"end":{"line":85,"column":1}},"2":{"start":{"line":10,"column":4},"end":{"line":84,"column":5}},"3":{"start":{"line":12,"column":31},"end":{"line":12,"column":50}},"4":{"start":{"line":13,"column":33},"end":{"line":13,"column":55}},"5":{"start":{"line":14,"column":31},"end":{"line":14,"column":51}},"6":{"start":{"line":16,"column":43},"end":{"line":39,"column":13}},"7":{"start":{"line":18,"column":16},"end":{"line":37,"column":17}},"8":{"start":{"line":19,"column":40},"end":{"line":19,"column":62}},"9":{"start":{"line":20,"column":38},"end":{"line":20,"column":63}},"10":{"start":{"line":21,"column":42},"end":{"line":21,"column":62}},"11":{"start":{"line":22,"column":20},"end":{"line":29,"column":21}},"12":{"start":{"line":31,"column":20},"end":{"line":36,"column":21}},"13":{"start":{"line":38,"column":16},"end":{"line":38,"column":29}},"14":{"start":{"line":41,"column":27},"end":{"line":41,"column":94}},"15":{"start":{"line":43,"column":12},"end":{"line":44,"column":32}},"16":{"start":{"line":48,"column":25},"end":{"line":48,"column":44}},"17":{"start":{"line":49,"column":33},"end":{"line":49,"column":55}},"18":{"start":{"line":50,"column":31},"end":{"line":50,"column":51}},"19":{"start":{"line":51,"column":43},"end":{"line":74,"column":13}},"20":{"start":{"line":53,"column":16},"end":{"line":72,"column":17}},"21":{"start":{"line":54,"column":40},"end":{"line":54,"column":62}},"22":{"start":{"line":55,"column":38},"end":{"line":55,"column":63}},"23":{"start":{"line":56,"column":42},"end":{"line":56,"column":62}},"24":{"start":{"line":57,"column":20},"end":{"line":64,"column":21}},"25":{"start":{"line":66,"column":16},"end":{"line":71,"column":21}},"26":{"start":{"line":73,"column":16},"end":{"line":73,"column":29}},"27":{"start":{"line":76,"column":27},"end":{"line":76,"column":94}},"28":{"start":{"line":78,"column":12},"end":{"line":79,"column":32}},"29":{"start":{"line":83,"column":12},"end":{"line":83,"column":24}},"30":{"start":{"line":87,"column":12},"end":{"line":87,"column":45}}},"fnMap":{"0":{"name":"(anonymous_0)","decl":{"start":{"line":9,"column":16},"end":{"line":9,"column":17}},"loc":{"start":{"line":9,"column":55},"end":{"line":85,"column":1}},"line":9},"1":{"name":"(anonymous_1)","decl":{"start":{"line":16,"column":43},"end":{"line":16,"column":44}},"loc":{"start":{"line":16,"column":93},"end":{"line":39,"column":13}},"line":16},"2":{"name":"(anonymous_2)","decl":{"start":{"line":51,"column":43},"end":{"line":51,"column":44}},"loc":{"start":{"line":51,"column":94},"end":{"line":74,"column":13}},"line":51}},"branchMap":{"0":{"loc":{"start":{"line":9,"column":25},"end":{"line":9,"column":45}},"type":"default-arg","locations":[{"start":{"line":9,"column":33},"end":{"line":9,"column":45}}],"line":9},"1":{"loc":{"start":{"line":10,"column":4},"end":{"line":84,"column":5}},"type":"switch","locations":[{"start":{"line":11,"column":8},"end":{"line":45,"column":9}},{"start":{"line":47,"column":8},"end":{"line":80,"column":9}},{"start":{"line":82,"column":8},"end":{"line":83,"column":24}}],"line":10},"2":{"loc":{"start":{"line":18,"column":16},"end":{"line":37,"column":17}},"type":"if","locations":[{"start":{"line":18,"column":16},"end":{"line":37,"column":17}},{"start":{"line":30,"column":23},"end":{"line":37,"column":17}}],"line":18},"3":{"loc":{"start":{"line":53,"column":16},"end":{"line":72,"column":17}},"type":"if","locations":[{"start":{"line":53,"column":16},"end":{"line":72,"column":17}},{"start":{"line":65,"column":23},"end":{"line":72,"column":17}}],"line":53}},"s":{"0":1,"1":1,"2":3,"3":0,"4":0,"5":0,"6":0,"7":0,"8":0,"9":0,"10":0,"11":0,"12":0,"13":0,"14":0,"15":0,"16":2,"17":2,"18":2,"19":2,"20":2,"21":0,"22":0,"23":0,"24":0,"25":2,"26":2,"27":2,"28":2,"29":1,"30":1},"f":{"0":3,"1":0,"2":2},"b":{"0":[1],"1":[0,2,1],"2":[0,0],"3":[0,2]},"_coverageSchema":"1a1c01bbd47fc00a2c39e90264f33305004495a9","hash":"d6ae354f38d608e6348cb0a0d8782d7b96f282c4"}
}
