{"C:\\Users\\dpeli\\Desktop\\Todo\\pelyp47.github.io\\toDo\\src\\App.jsx": {"path":"C:\\Users\\dpeli\\Desktop\\Todo\\pelyp47.github.io\\toDo\\src\\App.jsx","statementMap":{"0":{"start":{"line":6,"column":31},"end":{"line":21,"column":1}},"1":{"start":{"line":7,"column":18},"end":{"line":7,"column":20}},"2":{"start":{"line":8,"column":4},"end":{"line":18,"column":5}},"3":{"start":{"line":8,"column":17},"end":{"line":8,"column":18}},"4":{"start":{"line":9,"column":49},"end":{"line":9,"column":57}},"5":{"start":{"line":11,"column":8},"end":{"line":11,"column":28}},"6":{"start":{"line":11,"column":20},"end":{"line":11,"column":28}},"7":{"start":{"line":13,"column":8},"end":{"line":13,"column":66}},"8":{"start":{"line":15,"column":8},"end":{"line":17,"column":9}},"9":{"start":{"line":16,"column":12},"end":{"line":16,"column":65}},"10":{"start":{"line":20,"column":4},"end":{"line":20,"column":63}},"11":{"start":{"line":23,"column":12},"end":{"line":32,"column":1}},"12":{"start":{"line":24,"column":20},"end":{"line":24,"column":53}},"13":{"start":{"line":24,"column":41},"end":{"line":24,"column":52}},"14":{"start":{"line":25,"column":29},"end":{"line":25,"column":48}},"15":{"start":{"line":26,"column":4},"end":{"line":31,"column":5}}},"fnMap":{"0":{"name":"(anonymous_0)","decl":{"start":{"line":6,"column":31},"end":{"line":6,"column":32}},"loc":{"start":{"line":6,"column":55},"end":{"line":21,"column":1}},"line":6},"1":{"name":"(anonymous_1)","decl":{"start":{"line":23,"column":12},"end":{"line":23,"column":13}},"loc":{"start":{"line":23,"column":28},"end":{"line":32,"column":1}},"line":23},"2":{"name":"(anonymous_2)","decl":{"start":{"line":24,"column":32},"end":{"line":24,"column":33}},"loc":{"start":{"line":24,"column":41},"end":{"line":24,"column":52}},"line":24}},"branchMap":{"0":{"loc":{"start":{"line":6,"column":47},"end":{"line":6,"column":53}},"type":"default-arg","locations":[{"start":{"line":6,"column":51},"end":{"line":6,"column":53}}],"line":6},"1":{"loc":{"start":{"line":11,"column":8},"end":{"line":11,"column":28}},"type":"if","locations":[{"start":{"line":11,"column":8},"end":{"line":11,"column":28}},{"start":{},"end":{}}],"line":11},"2":{"loc":{"start":{"line":15,"column":8},"end":{"line":17,"column":9}},"type":"if","locations":[{"start":{"line":15,"column":8},"end":{"line":17,"column":9}},{"start":{},"end":{}}],"line":15}},"s":{"0":1,"1":15,"2":15,"3":15,"4":27,"5":27,"6":3,"7":24,"8":24,"9":9,"10":15,"11":1,"12":0,"13":0,"14":0,"15":0},"f":{"0":15,"1":0,"2":0},"b":{"0":[6],"1":[3,24],"2":[9,15]},"_coverageSchema":"1a1c01bbd47fc00a2c39e90264f33305004495a9","hash":"cd6ef1f610e88ac4c73fefe8e08d71217cb1a6eb"}
,"C:\\Users\\dpeli\\Desktop\\Todo\\pelyp47.github.io\\toDo\\src\\CreateTask.jsx": {"path":"C:\\Users\\dpeli\\Desktop\\Todo\\pelyp47.github.io\\toDo\\src\\CreateTask.jsx","statementMap":{"0":{"start":{"line":5,"column":17},"end":{"line":5,"column":27}},"1":{"start":{"line":6,"column":65},"end":{"line":6,"column":79}},"2":{"start":{"line":7,"column":31},"end":{"line":7,"column":43}},"3":{"start":{"line":9,"column":16},"end":{"line":9,"column":49}},"4":{"start":{"line":9,"column":37},"end":{"line":9,"column":48}},"5":{"start":{"line":10,"column":19},"end":{"line":10,"column":32}},"6":{"start":{"line":12,"column":21},"end":{"line":18,"column":5}},"7":{"start":{"line":13,"column":8},"end":{"line":13,"column":24}},"8":{"start":{"line":13,"column":18},"end":{"line":13,"column":24}},"9":{"start":{"line":14,"column":27},"end":{"line":14,"column":62}},"10":{"start":{"line":15,"column":8},"end":{"line":15,"column":79}},"11":{"start":{"line":16,"column":8},"end":{"line":16,"column":75}},"12":{"start":{"line":17,"column":8},"end":{"line":17,"column":23}},"13":{"start":{"line":20,"column":21},"end":{"line":22,"column":5}},"14":{"start":{"line":21,"column":8},"end":{"line":21,"column":38}},"15":{"start":{"line":24,"column":4},"end":{"line":29,"column":5}},"16":{"start":{"line":26,"column":94},"end":{"line":26,"column":111}},"17":{"start":{"line":27,"column":58},"end":{"line":27,"column":70}}},"fnMap":{"0":{"name":"CreateTask","decl":{"start":{"line":4,"column":9},"end":{"line":4,"column":19}},"loc":{"start":{"line":4,"column":27},"end":{"line":30,"column":1}},"line":4},"1":{"name":"(anonymous_1)","decl":{"start":{"line":9,"column":28},"end":{"line":9,"column":29}},"loc":{"start":{"line":9,"column":37},"end":{"line":9,"column":48}},"line":9},"2":{"name":"(anonymous_2)","decl":{"start":{"line":12,"column":21},"end":{"line":12,"column":22}},"loc":{"start":{"line":12,"column":31},"end":{"line":18,"column":5}},"line":12},"3":{"name":"(anonymous_3)","decl":{"start":{"line":20,"column":21},"end":{"line":20,"column":22}},"loc":{"start":{"line":20,"column":37},"end":{"line":22,"column":5}},"line":20},"4":{"name":"(anonymous_4)","decl":{"start":{"line":26,"column":89},"end":{"line":26,"column":90}},"loc":{"start":{"line":26,"column":93},"end":{"line":26,"column":112}},"line":26},"5":{"name":"(anonymous_5)","decl":{"start":{"line":27,"column":53},"end":{"line":27,"column":54}},"loc":{"start":{"line":27,"column":57},"end":{"line":27,"column":71}},"line":27}},"branchMap":{"0":{"loc":{"start":{"line":13,"column":8},"end":{"line":13,"column":24}},"type":"if","locations":[{"start":{"line":13,"column":8},"end":{"line":13,"column":24}},{"start":{},"end":{}}],"line":13}},"s":{"0":0,"1":0,"2":0,"3":0,"4":0,"5":0,"6":0,"7":0,"8":0,"9":0,"10":0,"11":0,"12":0,"13":0,"14":0,"15":0,"16":0,"17":0},"f":{"0":0,"1":0,"2":0,"3":0,"4":0,"5":0},"b":{"0":[0,0]},"_coverageSchema":"1a1c01bbd47fc00a2c39e90264f33305004495a9","hash":"8c7a0d65063bff80069b7f977d54380b44b0966f"}
,"C:\\Users\\dpeli\\Desktop\\Todo\\pelyp47.github.io\\toDo\\src\\DeleteTask.jsx": {"path":"C:\\Users\\dpeli\\Desktop\\Todo\\pelyp47.github.io\\toDo\\src\\DeleteTask.jsx","statementMap":{"0":{"start":{"line":5,"column":19},"end":{"line":5,"column":32}},"1":{"start":{"line":7,"column":8},"end":{"line":7,"column":66}},"2":{"start":{"line":10,"column":4},"end":{"line":12,"column":5}},"3":{"start":{"line":11,"column":63},"end":{"line":11,"column":80}}},"fnMap":{"0":{"name":"DeleteTask","decl":{"start":{"line":4,"column":9},"end":{"line":4,"column":19}},"loc":{"start":{"line":4,"column":28},"end":{"line":13,"column":1}},"line":4},"1":{"name":"removeTask","decl":{"start":{"line":6,"column":13},"end":{"line":6,"column":23}},"loc":{"start":{"line":6,"column":26},"end":{"line":8,"column":5}},"line":6},"2":{"name":"(anonymous_2)","decl":{"start":{"line":11,"column":58},"end":{"line":11,"column":59}},"loc":{"start":{"line":11,"column":62},"end":{"line":11,"column":81}},"line":11}},"branchMap":{},"s":{"0":0,"1":0,"2":0,"3":0},"f":{"0":0,"1":0,"2":0},"b":{},"_coverageSchema":"1a1c01bbd47fc00a2c39e90264f33305004495a9","hash":"ff3219cefaa7963ecb9ed0511a6ef16cd432808d"}
,"C:\\Users\\dpeli\\Desktop\\Todo\\pelyp47.github.io\\toDo\\src\\Task.jsx": {"path":"C:\\Users\\dpeli\\Desktop\\Todo\\pelyp47.github.io\\toDo\\src\\Task.jsx","statementMap":{"0":{"start":{"line":6,"column":4},"end":{"line":12,"column":5}}},"fnMap":{"0":{"name":"Task","decl":{"start":{"line":5,"column":9},"end":{"line":5,"column":13}},"loc":{"start":{"line":5,"column":21},"end":{"line":13,"column":1}},"line":5}},"branchMap":{},"s":{"0":0},"f":{"0":0},"b":{},"_coverageSchema":"1a1c01bbd47fc00a2c39e90264f33305004495a9","hash":"9a2ab5e448682df46d12058146d42d65b3446330"}
,"C:\\Users\\dpeli\\Desktop\\Todo\\pelyp47.github.io\\toDo\\src\\store.js": {"path":"C:\\Users\\dpeli\\Desktop\\Todo\\pelyp47.github.io\\toDo\\src\\store.js","statementMap":{"0":{"start":{"line":3,"column":19},"end":{"line":5,"column":1}},"1":{"start":{"line":7,"column":16},"end":{"line":69,"column":1}},"2":{"start":{"line":8,"column":4},"end":{"line":68,"column":5}},"3":{"start":{"line":10,"column":31},"end":{"line":10,"column":50}},"4":{"start":{"line":11,"column":33},"end":{"line":11,"column":48}},"5":{"start":{"line":12,"column":31},"end":{"line":12,"column":51}},"6":{"start":{"line":13,"column":27},"end":{"line":28,"column":13}},"7":{"start":{"line":14,"column":16},"end":{"line":27,"column":17}},"8":{"start":{"line":15,"column":34},"end":{"line":15,"column":56}},"9":{"start":{"line":16,"column":20},"end":{"line":23,"column":22}},"10":{"start":{"line":17,"column":24},"end":{"line":22,"column":25}},"11":{"start":{"line":18,"column":28},"end":{"line":18,"column":72}},"12":{"start":{"line":21,"column":28},"end":{"line":21,"column":36}},"13":{"start":{"line":26,"column":20},"end":{"line":26,"column":90}},"14":{"start":{"line":29,"column":12},"end":{"line":31,"column":13}},"15":{"start":{"line":35,"column":25},"end":{"line":35,"column":44}},"16":{"start":{"line":36,"column":33},"end":{"line":36,"column":48}},"17":{"start":{"line":37,"column":31},"end":{"line":37,"column":51}},"18":{"start":{"line":38,"column":27},"end":{"line":60,"column":13}},"19":{"start":{"line":39,"column":30},"end":{"line":39,"column":52}},"20":{"start":{"line":40,"column":16},"end":{"line":59,"column":17}},"21":{"start":{"line":41,"column":20},"end":{"line":48,"column":22}},"22":{"start":{"line":42,"column":24},"end":{"line":47,"column":25}},"23":{"start":{"line":43,"column":28},"end":{"line":43,"column":72}},"24":{"start":{"line":46,"column":28},"end":{"line":46,"column":36}},"25":{"start":{"line":51,"column":20},"end":{"line":58,"column":22}},"26":{"start":{"line":52,"column":24},"end":{"line":57,"column":25}},"27":{"start":{"line":53,"column":28},"end":{"line":53,"column":78}},"28":{"start":{"line":56,"column":28},"end":{"line":56,"column":36}},"29":{"start":{"line":61,"column":12},"end":{"line":63,"column":13}},"30":{"start":{"line":67,"column":12},"end":{"line":67,"column":24}},"31":{"start":{"line":71,"column":12},"end":{"line":71,"column":45}}},"fnMap":{"0":{"name":"(anonymous_0)","decl":{"start":{"line":7,"column":16},"end":{"line":7,"column":17}},"loc":{"start":{"line":7,"column":55},"end":{"line":69,"column":1}},"line":7},"1":{"name":"(anonymous_1)","decl":{"start":{"line":13,"column":27},"end":{"line":13,"column":28}},"loc":{"start":{"line":13,"column":47},"end":{"line":28,"column":13}},"line":13},"2":{"name":"(anonymous_2)","decl":{"start":{"line":16,"column":41},"end":{"line":16,"column":42}},"loc":{"start":{"line":16,"column":51},"end":{"line":23,"column":21}},"line":16},"3":{"name":"(anonymous_3)","decl":{"start":{"line":38,"column":27},"end":{"line":38,"column":28}},"loc":{"start":{"line":38,"column":47},"end":{"line":60,"column":13}},"line":38},"4":{"name":"(anonymous_4)","decl":{"start":{"line":41,"column":41},"end":{"line":41,"column":42}},"loc":{"start":{"line":41,"column":51},"end":{"line":48,"column":21}},"line":41},"5":{"name":"(anonymous_5)","decl":{"start":{"line":51,"column":41},"end":{"line":51,"column":42}},"loc":{"start":{"line":51,"column":49},"end":{"line":58,"column":21}},"line":51}},"branchMap":{"0":{"loc":{"start":{"line":7,"column":25},"end":{"line":7,"column":45}},"type":"default-arg","locations":[{"start":{"line":7,"column":33},"end":{"line":7,"column":45}}],"line":7},"1":{"loc":{"start":{"line":8,"column":4},"end":{"line":68,"column":5}},"type":"switch","locations":[{"start":{"line":9,"column":8},"end":{"line":32,"column":9}},{"start":{"line":34,"column":8},"end":{"line":64,"column":9}},{"start":{"line":66,"column":8},"end":{"line":67,"column":24}}],"line":8},"2":{"loc":{"start":{"line":14,"column":16},"end":{"line":27,"column":17}},"type":"if","locations":[{"start":{"line":14,"column":16},"end":{"line":27,"column":17}},{"start":{"line":25,"column":21},"end":{"line":27,"column":17}}],"line":14},"3":{"loc":{"start":{"line":17,"column":24},"end":{"line":22,"column":25}},"type":"if","locations":[{"start":{"line":17,"column":24},"end":{"line":22,"column":25}},{"start":{"line":20,"column":29},"end":{"line":22,"column":25}}],"line":17},"4":{"loc":{"start":{"line":40,"column":16},"end":{"line":59,"column":17}},"type":"if","locations":[{"start":{"line":40,"column":16},"end":{"line":59,"column":17}},{"start":{"line":50,"column":21},"end":{"line":59,"column":17}}],"line":40},"5":{"loc":{"start":{"line":42,"column":24},"end":{"line":47,"column":25}},"type":"if","locations":[{"start":{"line":42,"column":24},"end":{"line":47,"column":25}},{"start":{"line":45,"column":29},"end":{"line":47,"column":25}}],"line":42},"6":{"loc":{"start":{"line":52,"column":24},"end":{"line":57,"column":25}},"type":"if","locations":[{"start":{"line":52,"column":24},"end":{"line":57,"column":25}},{"start":{"line":55,"column":29},"end":{"line":57,"column":25}}],"line":52}},"s":{"0":1,"1":1,"2":73,"3":9,"4":9,"5":9,"6":9,"7":9,"8":0,"9":0,"10":0,"11":0,"12":0,"13":9,"14":9,"15":63,"16":63,"17":63,"18":63,"19":132,"20":132,"21":69,"22":159,"23":69,"24":90,"25":63,"26":99,"27":63,"28":36,"29":63,"30":1,"31":1},"f":{"0":73,"1":9,"2":0,"3":132,"4":159,"5":99},"b":{"0":[1],"1":[9,63,1],"2":[0,9],"3":[0,0],"4":[69,63],"5":[69,90],"6":[63,36]},"_coverageSchema":"1a1c01bbd47fc00a2c39e90264f33305004495a9","hash":"c455d9625e7a861f09f894366494eaf5247bdca7"}
}
