TN:
SF:src\App.jsx
FN:6,(anonymous_0)
FN:24,(anonymous_1)
FN:25,(anonymous_2)
FNF:3
FNH:1
FNDA:15,(anonymous_0)
FNDA:0,(anonymous_1)
FNDA:0,(anonymous_2)
DA:6,1
DA:7,15
DA:8,15
DA:9,27
DA:11,27
DA:13,24
DA:14,24
DA:16,24
DA:17,9
DA:21,15
DA:24,1
DA:25,0
DA:26,0
DA:27,0
LF:14
LH:11
BRDA:11,0,0,3
BRDA:11,0,1,24
BRDA:16,1,0,9
BRDA:16,1,1,15
BRF:4
BRH:4
end_of_record
TN:
SF:src\CreateTask.jsx
FN:4,CreateTask
FN:9,(anonymous_1)
FN:12,(anonymous_2)
FN:19,(anonymous_3)
FN:25,(anonymous_4)
FN:26,(anonymous_5)
FNF:6
FNH:0
FNDA:0,CreateTask
FNDA:0,(anonymous_1)
FNDA:0,(anonymous_2)
FNDA:0,(anonymous_3)
FNDA:0,(anonymous_4)
FNDA:0,(anonymous_5)
DA:5,0
DA:6,0
DA:7,0
DA:9,0
DA:10,0
DA:12,0
DA:13,0
DA:14,0
DA:15,0
DA:16,0
DA:19,0
DA:20,0
DA:23,0
DA:25,0
DA:26,0
LF:15
LH:0
BRF:0
BRH:0
end_of_record
TN:
SF:src\DeleteTask.jsx
FN:4,DeleteTask
FN:6,removeTask
FN:11,(anonymous_2)
FNF:3
FNH:0
FNDA:0,DeleteTask
FNDA:0,removeTask
FNDA:0,(anonymous_2)
DA:5,0
DA:7,0
DA:10,0
DA:11,0
LF:4
LH:0
BRF:0
BRH:0
end_of_record
TN:
SF:src\Task.jsx
FN:5,Task
FNF:1
FNH:0
FNDA:0,Task
DA:6,0
LF:1
LH:0
BRF:0
BRH:0
end_of_record
TN:
SF:src\store.js
FN:9,(anonymous_0)
FN:16,(anonymous_1)
FN:51,(anonymous_2)
FNF:3
FNH:2
FNDA:3,(anonymous_0)
FNDA:0,(anonymous_1)
FNDA:2,(anonymous_2)
DA:3,1
DA:9,1
DA:10,3
DA:12,0
DA:13,0
DA:14,0
DA:16,0
DA:18,0
DA:19,0
DA:20,0
DA:21,0
DA:22,0
DA:31,0
DA:38,0
DA:41,0
DA:43,0
DA:48,2
DA:49,2
DA:50,2
DA:51,2
DA:53,2
DA:54,0
DA:55,0
DA:56,0
DA:57,0
DA:66,2
DA:73,2
DA:76,2
DA:78,2
DA:83,1
DA:87,1
LF:31
LH:14
BRDA:9,0,0,1
BRDA:10,1,0,0
BRDA:10,1,1,2
BRDA:10,1,2,1
BRDA:18,2,0,0
BRDA:18,2,1,0
BRDA:53,3,0,0
BRDA:53,3,1,2
BRF:8
BRH:4
end_of_record
