TN:
SF:src\App.jsx
FN:6,(anonymous_0)
FN:23,(anonymous_1)
FN:24,(anonymous_2)
FNF:3
FNH:1
FNDA:15,(anonymous_0)
FNDA:0,(anonymous_1)
FNDA:0,(anonymous_2)
DA:6,1
DA:7,15
DA:8,15
DA:9,27
DA:11,27
DA:13,24
DA:15,24
DA:16,9
DA:20,15
DA:23,1
DA:24,0
DA:25,0
DA:26,0
LF:13
LH:10
BRDA:6,0,0,6
BRDA:11,1,0,3
BRDA:11,1,1,24
BRDA:15,2,0,9
BRDA:15,2,1,15
BRF:5
BRH:5
end_of_record
TN:
SF:src\CreateTask.jsx
FN:4,CreateTask
FN:9,(anonymous_1)
FN:12,(anonymous_2)
FN:20,(anonymous_3)
FN:26,(anonymous_4)
FN:27,(anonymous_5)
FNF:6
FNH:0
FNDA:0,CreateTask
FNDA:0,(anonymous_1)
FNDA:0,(anonymous_2)
FNDA:0,(anonymous_3)
FNDA:0,(anonymous_4)
FNDA:0,(anonymous_5)
DA:5,0
DA:6,0
DA:7,0
DA:9,0
DA:10,0
DA:12,0
DA:13,0
DA:14,0
DA:15,0
DA:16,0
DA:17,0
DA:20,0
DA:21,0
DA:24,0
DA:26,0
DA:27,0
LF:16
LH:0
BRDA:13,0,0,0
BRDA:13,0,1,0
BRF:2
BRH:0
end_of_record
TN:
SF:src\DeleteTask.jsx
FN:4,DeleteTask
FN:6,removeTask
FN:11,(anonymous_2)
FNF:3
FNH:0
FNDA:0,DeleteTask
FNDA:0,removeTask
FNDA:0,(anonymous_2)
DA:5,0
DA:7,0
DA:10,0
DA:11,0
LF:4
LH:0
BRF:0
BRH:0
end_of_record
TN:
SF:src\Task.jsx
FN:5,Task
FNF:1
FNH:0
FNDA:0,Task
DA:6,0
LF:1
LH:0
BRF:0
BRH:0
end_of_record
TN:
SF:src\store.js
FN:7,(anonymous_0)
FN:13,(anonymous_1)
FN:16,(anonymous_2)
FN:38,(anonymous_3)
FN:41,(anonymous_4)
FN:51,(anonymous_5)
FNF:6
FNH:5
FNDA:73,(anonymous_0)
FNDA:9,(anonymous_1)
FNDA:0,(anonymous_2)
FNDA:132,(anonymous_3)
FNDA:159,(anonymous_4)
FNDA:99,(anonymous_5)
DA:3,1
DA:7,1
DA:8,73
DA:10,9
DA:11,9
DA:12,9
DA:13,9
DA:14,9
DA:15,0
DA:16,0
DA:17,0
DA:18,0
DA:21,0
DA:26,9
DA:29,9
DA:35,63
DA:36,63
DA:37,63
DA:38,63
DA:39,132
DA:40,132
DA:41,69
DA:42,159
DA:43,69
DA:46,90
DA:51,63
DA:52,99
DA:53,63
DA:56,36
DA:61,63
DA:67,1
DA:71,1
LF:32
LH:27
BRDA:7,0,0,1
BRDA:8,1,0,9
BRDA:8,1,1,63
BRDA:8,1,2,1
BRDA:14,2,0,0
BRDA:14,2,1,9
BRDA:17,3,0,0
BRDA:17,3,1,0
BRDA:40,4,0,69
BRDA:40,4,1,63
BRDA:42,5,0,69
BRDA:42,5,1,90
BRDA:52,6,0,63
BRDA:52,6,1,36
BRF:14
BRH:11
end_of_record
